Added Component: Designator=C1(tu hoa 5mm)
Add component (AddParameter): Name = "Chung_Loai"; Value = "C?m"; VariantName = "[No Variations]"
Add component (AddParameter): Name = "Don_Vi"; Value = "Con"; VariantName = "[No Variations]"
Add component (AddParameter): Name = "Kieu_Chan"; Value = ""; VariantName = "[No Variations]"
Add component (AddParameter): Name = "Ma_Hang"; Value = "MH001355"; VariantName = "[No Variations]"
Add component (AddParameter): Name = "So_Chan"; Value = "2"; VariantName = "[No Variations]"
Add component (AddParameter): Name = "Ten_Linh_Kien"; Value = "T? Hóa 1uF 50V 5x11MM"; VariantName = "[No Variations]"
Added Component: Designator=C2(tu hoa 4mm)
Add component (AddParameter): Name = "Chung_Loai"; Value = "C?m"; VariantName = "[No Variations]"
Add component (AddParameter): Name = "Don_Vi"; Value = "Con"; VariantName = "[No Variations]"
Add component (AddParameter): Name = "Kieu_Chan"; Value = ""; VariantName = "[No Variations]"
Add component (AddParameter): Name = "Ma_Hang"; Value = "MH006855"; VariantName = "[No Variations]"
Add component (AddParameter): Name = "So_Chan"; Value = "2"; VariantName = "[No Variations]"
Add component (AddParameter): Name = "Ten_Linh_Kien"; Value = "T? Hóa 10uF 16V"; VariantName = "[No Variations]"
Added Component: Designator=C3(JP11-C1T)
Add component (AddParameter): Name = "ComponentLink1 Description"; Value = "Manufacturer"; VariantName = "[No Variations]"
Add component (AddParameter): Name = "ComponentLink1URL"; Value = "http://www.we-online.com"; VariantName = "[No Variations]"
Add component (AddParameter): Name = "ComponentLink2 Description"; Value = "Datasheet"; VariantName = "[No Variations]"
Add component (AddParameter): Name = "ComponentLink2URL"; Value = "http://katalog.we-online.de/em/datasheet/6130xx143121.pdf"; VariantName = "[No Variations]"
Add component (AddParameter): Name = "Created by"; Value = "Karrer Zheng"; VariantName = "[No Variations]"
Add component (AddParameter): Name = "Created Date"; Value = "29 March 2013"; VariantName = "[No Variations]"
Add component (AddParameter): Name = "Manufacturer"; Value = "W¨¹rth Elektronik eiSos GmbH"; VariantName = "[No Variations]"
Add component (AddParameter): Name = "NoPins"; Value = "11"; VariantName = "[No Variations]"
Add component (AddParameter): Name = "partNo"; Value = "613011143121"; VariantName = "[No Variations]"
Added Component: Designator=C4(tu hoa 4mm)
Add component (AddParameter): Name = "Chung_Loai"; Value = "C?m"; VariantName = "[No Variations]"
Add component (AddParameter): Name = "Don_Vi"; Value = "Con"; VariantName = "[No Variations]"
Add component (AddParameter): Name = "Kieu_Chan"; Value = ""; VariantName = "[No Variations]"
Add component (AddParameter): Name = "Ma_Hang"; Value = "MH006855"; VariantName = "[No Variations]"
Add component (AddParameter): Name = "So_Chan"; Value = "2"; VariantName = "[No Variations]"
Add component (AddParameter): Name = "Ten_Linh_Kien"; Value = "T? Hóa 10uF 16V"; VariantName = "[No Variations]"
Added Component: Designator=C5(tu 0805)
Add component (AddParameter): Name = "Chung_Loai"; Value = "Dán"; VariantName = "[No Variations]"
Add component (AddParameter): Name = "Don_Vi"; Value = "Con"; VariantName = "[No Variations]"
Add component (AddParameter): Name = "Kieu_Chan"; Value = ""; VariantName = "[No Variations]"
Add component (AddParameter): Name = "Ma_Hang"; Value = "MH004551"; VariantName = "[No Variations]"
Add component (AddParameter): Name = "So_Chan"; Value = "2"; VariantName = "[No Variations]"
Add component (AddParameter): Name = "Ten_Linh_Kien"; Value = "T? 0805 104-100nF 10% 50V"; VariantName = "[No Variations]"
Added Component: Designator=C6(tu 0805)
Add component (AddParameter): Name = "Chung_Loai"; Value = "Dán"; VariantName = "[No Variations]"
Add component (AddParameter): Name = "Don_Vi"; Value = "Con"; VariantName = "[No Variations]"
Add component (AddParameter): Name = "Kieu_Chan"; Value = ""; VariantName = "[No Variations]"
Add component (AddParameter): Name = "Ma_Hang"; Value = "MH004551"; VariantName = "[No Variations]"
Add component (AddParameter): Name = "So_Chan"; Value = "2"; VariantName = "[No Variations]"
Add component (AddParameter): Name = "Ten_Linh_Kien"; Value = "T? 0805 104-100nF 10% 50V"; VariantName = "[No Variations]"
Added Component: Designator=C7(tu hoa 4mm)
Add component (AddParameter): Name = "Chung_Loai"; Value = "C?m"; VariantName = "[No Variations]"
Add component (AddParameter): Name = "Don_Vi"; Value = "Con"; VariantName = "[No Variations]"
Add component (AddParameter): Name = "Kieu_Chan"; Value = ""; VariantName = "[No Variations]"
Add component (AddParameter): Name = "Ma_Hang"; Value = "MH006855"; VariantName = "[No Variations]"
Add component (AddParameter): Name = "So_Chan"; Value = "2"; VariantName = "[No Variations]"
Add component (AddParameter): Name = "Ten_Linh_Kien"; Value = "T? Hóa 10uF 16V"; VariantName = "[No Variations]"
Added Component: Designator=C8(tu 0805)
Add component (AddParameter): Name = "Chung_Loai"; Value = "Dán"; VariantName = "[No Variations]"
Add component (AddParameter): Name = "Don_Vi"; Value = "Con"; VariantName = "[No Variations]"
Add component (AddParameter): Name = "Kieu_Chan"; Value = ""; VariantName = "[No Variations]"
Add component (AddParameter): Name = "Ma_Hang"; Value = "MH007854"; VariantName = "[No Variations]"
Add component (AddParameter): Name = "So_Chan"; Value = "2"; VariantName = "[No Variations]"
Add component (AddParameter): Name = "Ten_Linh_Kien"; Value = "T? 0805 33nF 50V 20%"; VariantName = "[No Variations]"
Added Component: Designator=C9(tu 0805)
Add component (AddParameter): Name = "Chung_Loai"; Value = "Dán"; VariantName = "[No Variations]"
Add component (AddParameter): Name = "Don_Vi"; Value = "Con"; VariantName = "[No Variations]"
Add component (AddParameter): Name = "Kieu_Chan"; Value = ""; VariantName = "[No Variations]"
Add component (AddParameter): Name = "Ma_Hang"; Value = "MH007854"; VariantName = "[No Variations]"
Add component (AddParameter): Name = "So_Chan"; Value = "2"; VariantName = "[No Variations]"
Add component (AddParameter): Name = "Ten_Linh_Kien"; Value = "T? 0805 33nF 50V 20%"; VariantName = "[No Variations]"
Added Component: Designator=IC1(SOP 16)
Add component (AddParameter): Name = "Chung_Loai"; Value = "Dán"; VariantName = "[No Variations]"
Add component (AddParameter): Name = "Don_Vi"; Value = "Con"; VariantName = "[No Variations]"
Add component (AddParameter): Name = "Ghi_Chu"; Value = ""; VariantName = "[No Variations]"
Add component (AddParameter): Name = "Kieu_Chan"; Value = ""; VariantName = "[No Variations]"
Add component (AddParameter): Name = "Ma_Hang"; Value = "MH002408"; VariantName = "[No Variations]"
Add component (AddParameter): Name = "Ten_Linh_Kien"; Value = "ULN2003 SOP16"; VariantName = "[No Variations]"
Added Component: Designator=IC2(SOT223-4N)
Add component (AddParameter): Name = "Value"; Value = "LM317"; VariantName = "[No Variations]"
Added Component: Designator=IC3(SOP 16)
Add component (AddParameter): Name = "Chung_Loai"; Value = "Dán"; VariantName = "[No Variations]"
Add component (AddParameter): Name = "Don_Vi"; Value = "Con"; VariantName = "[No Variations]"
Add component (AddParameter): Name = "Ghi_Chu"; Value = ""; VariantName = "[No Variations]"
Add component (AddParameter): Name = "Kieu_Chan"; Value = ""; VariantName = "[No Variations]"
Add component (AddParameter): Name = "Ma_Hang"; Value = "MH002408"; VariantName = "[No Variations]"
Add component (AddParameter): Name = "Ten_Linh_Kien"; Value = "ULN2003 SOP16"; VariantName = "[No Variations]"
Added Component: Designator=JACK DC1(JACK DC 5.5)
Add component (AddParameter): Name = "Value"; Value = "Jac DC"; VariantName = "[No Variations]"
Added Component: Designator=JP1(JP 1x4 CC)
Add component (AddParameter): Name = "Chung_Loai"; Value = "C?m"; VariantName = "[No Variations]"
Add component (AddParameter): Name = "Don_Vi"; Value = "Con"; VariantName = "[No Variations]"
Add component (AddParameter): Name = "Ghi_Chu"; Value = ""; VariantName = "[No Variations]"
Add component (AddParameter): Name = "Kieu_Chan"; Value = ""; VariantName = "[No Variations]"
Add component (AddParameter): Name = "Ma_Hang"; Value = "MH001265"; VariantName = "[No Variations]"
Add component (AddParameter): Name = "Ten_Linh_Kien"; Value = "Jump Ðon Cái 2.54MM 1x40P Cong"; VariantName = "[No Variations]"
Added Component: Designator=JP2(JP 1x6 CT)
Add component (AddParameter): Name = "Chung_Loai"; Value = "C?m"; VariantName = "[No Variations]"
Add component (AddParameter): Name = "Don_Vi"; Value = "Con"; VariantName = "[No Variations]"
Add component (AddParameter): Name = "Ghi_Chu"; Value = ""; VariantName = "[No Variations]"
Add component (AddParameter): Name = "Kieu_Chan"; Value = ""; VariantName = "[No Variations]"
Add component (AddParameter): Name = "Ma_Hang"; Value = "MH004006"; VariantName = "[No Variations]"
Add component (AddParameter): Name = "Ten_Linh_Kien"; Value = "Jump Ðon Cái 2.54MM 1x20P Th?ng"; VariantName = "[No Variations]"
Added Component: Designator=JP3(JP 1x5 DT)
Add component (AddParameter): Name = "Chung_Loai"; Value = "C?m"; VariantName = "[No Variations]"
Add component (AddParameter): Name = "Don_Vi"; Value = "Con"; VariantName = "[No Variations]"
Add component (AddParameter): Name = "Ghi_Chu"; Value = ""; VariantName = "[No Variations]"
Add component (AddParameter): Name = "Kieu_Chan"; Value = ""; VariantName = "[No Variations]"
Add component (AddParameter): Name = "Ma_Hang"; Value = "MH000903"; VariantName = "[No Variations]"
Add component (AddParameter): Name = "Ten_Linh_Kien"; Value = "Jump Ðon Ð?c 2.54MM 1x40P Th?ng 11MM"; VariantName = "[No Variations]"
Added Component: Designator=JP4(JP 1x5 DT)
Add component (AddParameter): Name = "Chung_Loai"; Value = "C?m"; VariantName = "[No Variations]"
Add component (AddParameter): Name = "Don_Vi"; Value = "Con"; VariantName = "[No Variations]"
Add component (AddParameter): Name = "Ghi_Chu"; Value = ""; VariantName = "[No Variations]"
Add component (AddParameter): Name = "Kieu_Chan"; Value = ""; VariantName = "[No Variations]"
Add component (AddParameter): Name = "Ma_Hang"; Value = "MH000903"; VariantName = "[No Variations]"
Add component (AddParameter): Name = "Ten_Linh_Kien"; Value = "Jump Ðon Ð?c 2.54MM 1x40P Th?ng 11MM"; VariantName = "[No Variations]"
Added Component: Designator=L1(LED-0805-Blue)
Add component (AddParameter): Name = "Chung_Loai"; Value = "Dán"; VariantName = "[No Variations]"
Add component (AddParameter): Name = "Don_Vi"; Value = "Con"; VariantName = "[No Variations]"
Add component (AddParameter): Name = "Ghi_Chu"; Value = ""; VariantName = "[No Variations]"
Add component (AddParameter): Name = "Kieu_Chan"; Value = ""; VariantName = "[No Variations]"
Add component (AddParameter): Name = "Ma_Hang"; Value = "MH002327"; VariantName = "[No Variations]"
Add component (AddParameter): Name = "Ten_Linh_Kien"; Value = "LED 0805 Màu Xanh Duong (Blue)"; VariantName = "[No Variations]"
Added Component: Designator=L2(LED-0805-Blue)
Add component (AddParameter): Name = "Chung_Loai"; Value = "Dán"; VariantName = "[No Variations]"
Add component (AddParameter): Name = "Don_Vi"; Value = "Con"; VariantName = "[No Variations]"
Add component (AddParameter): Name = "Ghi_Chu"; Value = ""; VariantName = "[No Variations]"
Add component (AddParameter): Name = "Kieu_Chan"; Value = ""; VariantName = "[No Variations]"
Add component (AddParameter): Name = "Ma_Hang"; Value = "MH002327"; VariantName = "[No Variations]"
Add component (AddParameter): Name = "Ten_Linh_Kien"; Value = "LED 0805 Màu Xanh Duong (Blue)"; VariantName = "[No Variations]"
Added Component: Designator=MD1(ESP2866 Module)
Added Component: Designator=R1(tro smd 0805)
Add component (AddParameter): Name = "Chung_Loai"; Value = "Dán"; VariantName = "[No Variations]"
Add component (AddParameter): Name = "Don_Vi"; Value = "Con"; VariantName = "[No Variations]"
Add component (AddParameter): Name = "Kieu_Chan"; Value = ""; VariantName = "[No Variations]"
Add component (AddParameter): Name = "Ma_Hang"; Value = "MH005239"; VariantName = "[No Variations]"
Add component (AddParameter): Name = "So_Chan"; Value = "2"; VariantName = "[No Variations]"
Add component (AddParameter): Name = "Ten_Linh_Kien"; Value = "Tr? 0805 5% 10k"; VariantName = "[No Variations]"
Added Component: Designator=R2(tro smd 0805)
Add component (AddParameter): Name = "Chung_Loai"; Value = "Dán"; VariantName = "[No Variations]"
Add component (AddParameter): Name = "Don_Vi"; Value = "Con"; VariantName = "[No Variations]"
Add component (AddParameter): Name = "Kieu_Chan"; Value = ""; VariantName = "[No Variations]"
Add component (AddParameter): Name = "Ma_Hang"; Value = "MH005468"; VariantName = "[No Variations]"
Add component (AddParameter): Name = "So_Chan"; Value = "2"; VariantName = "[No Variations]"
Add component (AddParameter): Name = "Ten_Linh_Kien"; Value = "Tr? 0805 1% 1k"; VariantName = "[No Variations]"
Added Component: Designator=R3(tro smd 0805)
Add component (AddParameter): Name = "Chung_Loai"; Value = "Dán"; VariantName = "[No Variations]"
Add component (AddParameter): Name = "Don_Vi"; Value = "Con"; VariantName = "[No Variations]"
Add component (AddParameter): Name = "Kieu_Chan"; Value = ""; VariantName = "[No Variations]"
Add component (AddParameter): Name = "Ma_Hang"; Value = "MH005468"; VariantName = "[No Variations]"
Add component (AddParameter): Name = "So_Chan"; Value = "2"; VariantName = "[No Variations]"
Add component (AddParameter): Name = "Ten_Linh_Kien"; Value = "Tr? 0805 1% 1k"; VariantName = "[No Variations]"
Added Component: Designator=R4(tro smd 0805)
Add component (AddParameter): Name = "Chung_Loai"; Value = "Dán"; VariantName = "[No Variations]"
Add component (AddParameter): Name = "Don_Vi"; Value = "Con"; VariantName = "[No Variations]"
Add component (AddParameter): Name = "Kieu_Chan"; Value = ""; VariantName = "[No Variations]"
Add component (AddParameter): Name = "Ma_Hang"; Value = "MH005239"; VariantName = "[No Variations]"
Add component (AddParameter): Name = "So_Chan"; Value = "2"; VariantName = "[No Variations]"
Add component (AddParameter): Name = "Ten_Linh_Kien"; Value = "Tr? 0805 5% 10k"; VariantName = "[No Variations]"
Added Component: Designator=R5(tro smd 0805)
Add component (AddParameter): Name = "Chung_Loai"; Value = "Dán"; VariantName = "[No Variations]"
Add component (AddParameter): Name = "Don_Vi"; Value = "Con"; VariantName = "[No Variations]"
Add component (AddParameter): Name = "Kieu_Chan"; Value = ""; VariantName = "[No Variations]"
Add component (AddParameter): Name = "Ma_Hang"; Value = "MH005239"; VariantName = "[No Variations]"
Add component (AddParameter): Name = "So_Chan"; Value = "2"; VariantName = "[No Variations]"
Add component (AddParameter): Name = "Ten_Linh_Kien"; Value = "Tr? 0805 5% 10k"; VariantName = "[No Variations]"
Added Component: Designator=R6(tro smd 0805)
Add component (AddParameter): Name = "Chung_Loai"; Value = "Dán"; VariantName = "[No Variations]"
Add component (AddParameter): Name = "Don_Vi"; Value = "Con"; VariantName = "[No Variations]"
Add component (AddParameter): Name = "Kieu_Chan"; Value = ""; VariantName = "[No Variations]"
Add component (AddParameter): Name = "Ma_Hang"; Value = "MH005234"; VariantName = "[No Variations]"
Add component (AddParameter): Name = "So_Chan"; Value = "2"; VariantName = "[No Variations]"
Add component (AddParameter): Name = "Ten_Linh_Kien"; Value = "Tr? 0805 5% 1k"; VariantName = "[No Variations]"
Added Component: Designator=R7(tro smd 0805)
Add component (AddParameter): Name = "Chung_Loai"; Value = "Dán"; VariantName = "[No Variations]"
Add component (AddParameter): Name = "Don_Vi"; Value = "Con"; VariantName = "[No Variations]"
Add component (AddParameter): Name = "Kieu_Chan"; Value = ""; VariantName = "[No Variations]"
Add component (AddParameter): Name = "Ma_Hang"; Value = "MH005230"; VariantName = "[No Variations]"
Add component (AddParameter): Name = "So_Chan"; Value = "2"; VariantName = "[No Variations]"
Add component (AddParameter): Name = "Ten_Linh_Kien"; Value = "Tr? 0805 5% 0R"; VariantName = "[No Variations]"
Added Component: Designator=R8(tro smd 0805)
Add component (AddParameter): Name = "Chung_Loai"; Value = "Dán"; VariantName = "[No Variations]"
Add component (AddParameter): Name = "Don_Vi"; Value = "Con"; VariantName = "[No Variations]"
Add component (AddParameter): Name = "Kieu_Chan"; Value = ""; VariantName = "[No Variations]"
Add component (AddParameter): Name = "Ma_Hang"; Value = "MH005256"; VariantName = "[No Variations]"
Add component (AddParameter): Name = "So_Chan"; Value = "2"; VariantName = "[No Variations]"
Add component (AddParameter): Name = "Ten_Linh_Kien"; Value = "Tr? 0805 5% 180R"; VariantName = "[No Variations]"
Added Component: Designator=U1(SOT89)
Add component (AddParameter): Name = "Chung_Loai"; Value = "Dán"; VariantName = "[No Variations]"
Add component (AddParameter): Name = "Don_Vi"; Value = "Con"; VariantName = "[No Variations]"
Add component (AddParameter): Name = "Ghi_Chu"; Value = ""; VariantName = "[No Variations]"
Add component (AddParameter): Name = "Kieu_Chan"; Value = ""; VariantName = "[No Variations]"
Add component (AddParameter): Name = "Ma_Hang"; Value = "MH004845"; VariantName = "[No Variations]"
Add component (AddParameter): Name = "Ten_Linh_Kien"; Value = "78L05 SOT89 0.1A 5V"; VariantName = "[No Variations]"
Added Component: Designator=U2(STM32 Bluepill)
Added Pin To Net: NetName=3v3 Pin=C4-1
Added Pin To Net: NetName=3v3 Pin=C6-1
Added Pin To Net: NetName=3v3 Pin=IC2-2
Added Pin To Net: NetName=3v3 Pin=MD1-5
Added Pin To Net: NetName=3v3 Pin=R8-1
Added Pin To Net: NetName=3v3 Pin=U2-20
Added Net: Name=3v3
Added Pin To Net: NetName=5v Pin=C5-1
Added Pin To Net: NetName=5v Pin=C7-1
Added Pin To Net: NetName=5v Pin=IC2-3
Added Pin To Net: NetName=5v Pin=JP1-3
Added Pin To Net: NetName=5v Pin=R1-2
Added Pin To Net: NetName=5v Pin=R2-1
Added Pin To Net: NetName=5v Pin=R3-1
Added Pin To Net: NetName=5v Pin=R4-2
Added Pin To Net: NetName=5v Pin=R5-2
Added Net: Name=5v
Added Pin To Net: NetName=12v Pin=C2-1
Added Pin To Net: NetName=12v Pin=C8-1
Added Pin To Net: NetName=12v Pin=C9-1
Added Pin To Net: NetName=12v Pin=IC1-9
Added Pin To Net: NetName=12v Pin=IC3-9
Added Pin To Net: NetName=12v Pin=JACK DC1-1
Added Pin To Net: NetName=12v Pin=JP3-5
Added Pin To Net: NetName=12v Pin=JP4-5
Added Pin To Net: NetName=12v Pin=U1-3
Added Net: Name=12v
Added Pin To Net: NetName=ADC1 Pin=JP2-3
Added Pin To Net: NetName=ADC1 Pin=R1-1
Added Pin To Net: NetName=ADC1 Pin=U2-34
Added Net: Name=ADC1
Added Pin To Net: NetName=ADC2 Pin=JP2-2
Added Pin To Net: NetName=ADC2 Pin=R4-1
Added Pin To Net: NetName=ADC2 Pin=U2-33
Added Net: Name=ADC2
Added Pin To Net: NetName=ADC3 Pin=JP2-1
Added Pin To Net: NetName=ADC3 Pin=R5-1
Added Pin To Net: NetName=ADC3 Pin=U2-32
Added Net: Name=ADC3
Added Pin To Net: NetName=GND Pin=C1-2
Added Pin To Net: NetName=GND Pin=C2-2
Added Pin To Net: NetName=GND Pin=C3-1
Added Pin To Net: NetName=GND Pin=C4-2
Added Pin To Net: NetName=GND Pin=C5-2
Added Pin To Net: NetName=GND Pin=C6-2
Added Pin To Net: NetName=GND Pin=C7-2
Added Pin To Net: NetName=GND Pin=C8-2
Added Pin To Net: NetName=GND Pin=C9-2
Added Pin To Net: NetName=GND Pin=IC1-8
Added Pin To Net: NetName=GND Pin=IC2-1
Added Pin To Net: NetName=GND Pin=IC3-8
Added Pin To Net: NetName=GND Pin=JACK DC1-2
Added Pin To Net: NetName=GND Pin=JACK DC1-3
Added Pin To Net: NetName=GND Pin=JP1-4
Added Pin To Net: NetName=GND Pin=L1-2
Added Pin To Net: NetName=GND Pin=L2-2
Added Pin To Net: NetName=GND Pin=MD1-4
Added Pin To Net: NetName=GND Pin=R7-1
Added Pin To Net: NetName=GND Pin=U1-2
Added Pin To Net: NetName=GND Pin=U2-19
Added Net: Name=GND
Added Pin To Net: NetName=NetC1_1 Pin=C1-1
Added Pin To Net: NetName=NetC1_1 Pin=R6-2
Added Pin To Net: NetName=NetC1_1 Pin=U1-1
Added Net: Name=NetC1_1
Added Pin To Net: NetName=NetC3_2 Pin=C3-2
Added Pin To Net: NetName=NetC3_2 Pin=U2-17
Added Net: Name=NetC3_2
Added Pin To Net: NetName=NetC3_3 Pin=C3-3
Added Pin To Net: NetName=NetC3_3 Pin=U2-16
Added Net: Name=NetC3_3
Added Pin To Net: NetName=NetC3_4 Pin=C3-4
Added Pin To Net: NetName=NetC3_4 Pin=U2-15
Added Net: Name=NetC3_4
Added Pin To Net: NetName=NetC3_5 Pin=C3-5
Added Pin To Net: NetName=NetC3_5 Pin=U2-14
Added Net: Name=NetC3_5
Added Pin To Net: NetName=NetC3_6 Pin=C3-6
Added Pin To Net: NetName=NetC3_6 Pin=U2-13
Added Net: Name=NetC3_6
Added Pin To Net: NetName=NetC3_7 Pin=C3-7
Added Pin To Net: NetName=NetC3_7 Pin=U2-12
Added Net: Name=NetC3_7
Added Pin To Net: NetName=NetC3_8 Pin=C3-8
Added Pin To Net: NetName=NetC3_8 Pin=U2-11
Added Net: Name=NetC3_8
Added Pin To Net: NetName=NetC3_9 Pin=C3-9
Added Pin To Net: NetName=NetC3_9 Pin=U2-10
Added Net: Name=NetC3_9
Added Pin To Net: NetName=NetC3_10 Pin=C3-10
Added Pin To Net: NetName=NetC3_10 Pin=U2-9
Added Net: Name=NetC3_10
Added Pin To Net: NetName=NetC3_11 Pin=C3-11
Added Pin To Net: NetName=NetC3_11 Pin=U2-8
Added Net: Name=NetC3_11
Added Pin To Net: NetName=NetIC1_13 Pin=IC1-13
Added Pin To Net: NetName=NetIC1_13 Pin=JP3-4
Added Net: Name=NetIC1_13
Added Pin To Net: NetName=NetIC1_14 Pin=IC1-14
Added Pin To Net: NetName=NetIC1_14 Pin=JP3-3
Added Net: Name=NetIC1_14
Added Pin To Net: NetName=NetIC1_15 Pin=IC1-15
Added Pin To Net: NetName=NetIC1_15 Pin=JP3-2
Added Net: Name=NetIC1_15
Added Pin To Net: NetName=NetIC1_16 Pin=IC1-16
Added Pin To Net: NetName=NetIC1_16 Pin=JP3-1
Added Net: Name=NetIC1_16
Added Pin To Net: NetName=NetIC3_13 Pin=IC3-13
Added Pin To Net: NetName=NetIC3_13 Pin=JP4-4
Added Net: Name=NetIC3_13
Added Pin To Net: NetName=NetIC3_14 Pin=IC3-14
Added Pin To Net: NetName=NetIC3_14 Pin=JP4-3
Added Net: Name=NetIC3_14
Added Pin To Net: NetName=NetIC3_15 Pin=IC3-15
Added Pin To Net: NetName=NetIC3_15 Pin=JP4-2
Added Net: Name=NetIC3_15
Added Pin To Net: NetName=NetIC3_16 Pin=IC3-16
Added Pin To Net: NetName=NetIC3_16 Pin=JP4-1
Added Net: Name=NetIC3_16
Added Pin To Net: NetName=NetJP2_4 Pin=JP2-4
Added Pin To Net: NetName=NetJP2_4 Pin=JP2-5
Added Pin To Net: NetName=NetJP2_4 Pin=JP2-6
Added Pin To Net: NetName=NetJP2_4 Pin=R7-2
Added Net: Name=NetJP2_4
Added Pin To Net: NetName=NetL1_1 Pin=L1-1
Added Pin To Net: NetName=NetL1_1 Pin=R6-1
Added Net: Name=NetL1_1
Added Pin To Net: NetName=NetL2_1 Pin=L2-1
Added Pin To Net: NetName=NetL2_1 Pin=R8-2
Added Net: Name=NetL2_1
Added Pin To Net: NetName=PA0 Pin=IC1-4
Added Pin To Net: NetName=PA0 Pin=U2-25
Added Net: Name=PA0
Added Pin To Net: NetName=PA1 Pin=IC1-3
Added Pin To Net: NetName=PA1 Pin=U2-26
Added Net: Name=PA1
Added Pin To Net: NetName=PA2 Pin=IC1-2
Added Pin To Net: NetName=PA2 Pin=U2-27
Added Net: Name=PA2
Added Pin To Net: NetName=PA3 Pin=IC1-1
Added Pin To Net: NetName=PA3 Pin=U2-28
Added Net: Name=PA3
Added Pin To Net: NetName=PB12 Pin=IC3-1
Added Pin To Net: NetName=PB12 Pin=U2-1
Added Net: Name=PB12
Added Pin To Net: NetName=PB13 Pin=IC3-2
Added Pin To Net: NetName=PB13 Pin=U2-2
Added Net: Name=PB13
Added Pin To Net: NetName=PB14 Pin=IC3-3
Added Pin To Net: NetName=PB14 Pin=U2-3
Added Net: Name=PB14
Added Pin To Net: NetName=PB15 Pin=IC3-4
Added Pin To Net: NetName=PB15 Pin=U2-4
Added Net: Name=PB15
Added Pin To Net: NetName=RX Pin=MD1-8
Added Pin To Net: NetName=RX Pin=U2-7
Added Net: Name=RX
Added Pin To Net: NetName=SCL Pin=JP1-1
Added Pin To Net: NetName=SCL Pin=R2-2
Added Pin To Net: NetName=SCL Pin=U2-35
Added Net: Name=SCL
Added Pin To Net: NetName=SDA Pin=JP1-2
Added Pin To Net: NetName=SDA Pin=R3-2
Added Pin To Net: NetName=SDA Pin=U2-36
Added Net: Name=SDA
Added Pin To Net: NetName=TX Pin=MD1-1
Added Pin To Net: NetName=TX Pin=U2-6
Added Net: Name=TX
Added Class: Name=do_an2
Added Room: Name=do_an2
